# JRE version: OpenJDK Runtime Environment (8.0_202-b03) (build 1.8.0_202-release-1483-b03)
# Java VM: OpenJDK 64-Bit Server VM (25.202-b03 mixed mode windows-amd64 compressed oops)
Heap:
 PSYoungGen      total 257024K, used 22826K [0x00000000e0000000, 0x00000000f7580000, 0x0000000100000000)
  eden space 228352K, 9% used [0x00000000e0000000,0x00000000e164a850,0x00000000edf00000)
  from space 28672K, 0% used [0x00000000f1600000,0x00000000f1600000,0x00000000f3200000)
  to   space 56320K, 0% used [0x00000000edf00000,0x00000000edf00000,0x00000000f1600000)
 ParOldGen       total 268800K, used 123649K [0x00000000a0000000, 0x00000000b0680000, 0x00000000e0000000)
  object space 268800K, 46% used [0x00000000a0000000,0x00000000a78c0690,0x00000000b0680000)
 Metaspace       used 82763K, capacity 85526K, committed 87296K, reserved 1124352K
  class space    used 10726K, capacity 11319K, committed 11776K, reserved 1048576K
GC Heap History (10 events):
Event: 33.892 GC heap before
{Heap before GC invocations=16 (full 3):
 PSYoungGen      total 208896K, used 208881K [0x00000000e0000000, 0x00000000eeb80000, 0x0000000100000000)
  eden space 189440K, 100% used [0x00000000e0000000,0x00000000eb900000,0x00000000eb900000)
  from space 19456K, 99% used [0x00000000ed880000,0x00000000eeb7c4e8,0x00000000eeb80000)
  to   space 22016K, 0% used [0x00000000ec080000,0x00000000ec080000,0x00000000ed600000)
 ParOldGen       total 130048K, used 39890K [0x00000000a0000000, 0x00000000a7f00000, 0x00000000e0000000)
  object space 130048K, 30% used [0x00000000a0000000,0x00000000a26f4850,0x00000000a7f00000)
 Metaspace       used 67074K, capacity 69394K, committed 69632K, reserved 1110016K
  class space    used 8948K, capacity 9465K, committed 9472K, reserved 1048576K
Event: 33.946 GC heap after
Heap after GC invocations=16 (full 3):
 PSYoungGen      total 219136K, used 14051K [0x00000000e0000000, 0x00000000f0700000, 0x0000000100000000)
  eden space 197120K, 0% used [0x00000000e0000000,0x00000000e0000000,0x00000000ec080000)
  from space 22016K, 63% used [0x00000000ec080000,0x00000000ece38d68,0x00000000ed600000)
  to   space 22016K, 0% used [0x00000000ef180000,0x00000000ef180000,0x00000000f0700000)
 ParOldGen       total 130048K, used 50953K [0x00000000a0000000, 0x00000000a7f00000, 0x00000000e0000000)
  object space 130048K, 39% used [0x00000000a0000000,0x00000000a31c2438,0x00000000a7f00000)
 Metaspace       used 67074K, capacity 69394K, committed 69632K, reserved 1110016K
  class space    used 8948K, capacity 9465K, committed 9472K, reserved 1048576K
}
Event: 109.359 GC heap before
{Heap before GC invocations=17 (full 3):
 PSYoungGen      total 219136K, used 211171K [0x00000000e0000000, 0x00000000f0700000, 0x0000000100000000)
  eden space 197120K, 100% used [0x00000000e0000000,0x00000000ec080000,0x00000000ec080000)
  from space 22016K, 63% used [0x00000000ec080000,0x00000000ece38d68,0x00000000ed600000)
  to   space 22016K, 0% used [0x00000000ef180000,0x00000000ef180000,0x00000000f0700000)
 ParOldGen       total 130048K, used 50953K [0x00000000a0000000, 0x00000000a7f00000, 0x00000000e0000000)
  object space 130048K, 39% used [0x00000000a0000000,0x00000000a31c2438,0x00000000a7f00000)
 Metaspace       used 74434K, capacity 76808K, committed 76928K, reserved 1116160K
  class space    used 9596K, capacity 10082K, committed 10112K, reserved 1048576K
Event: 109.413 GC heap after
Heap after GC invocations=17 (full 3):
 PSYoungGen      total 244224K, used 21280K [0x00000000e0000000, 0x00000000f0f80000, 0x0000000100000000)
  eden space 222208K, 0% used [0x00000000e0000000,0x00000000e0000000,0x00000000ed900000)
  from space 22016K, 96% used [0x00000000ef180000,0x00000000f0648180,0x00000000f0700000)
  to   space 25088K, 0% used [0x00000000ed900000,0x00000000ed900000,0x00000000ef180000)
 ParOldGen       total 130048K, used 50961K [0x00000000a0000000, 0x00000000a7f00000, 0x00000000e0000000)
  object space 130048K, 39% used [0x00000000a0000000,0x00000000a31c4438,0x00000000a7f00000)
 Metaspace       used 74434K, capacity 76808K, committed 76928K, reserved 1116160K
  class space    used 9596K, capacity 10082K, committed 10112K, reserved 1048576K
}
Event: 114.461 GC heap before
{Heap before GC invocations=18 (full 3):
 PSYoungGen      total 244224K, used 243488K [0x00000000e0000000, 0x00000000f0f80000, 0x0000000100000000)
  eden space 222208K, 100% used [0x00000000e0000000,0x00000000ed900000,0x00000000ed900000)
  from space 22016K, 96% used [0x00000000ef180000,0x00000000f0648180,0x00000000f0700000)
  to   space 25088K, 0% used [0x00000000ed900000,0x00000000ed900000,0x00000000ef180000)
 ParOldGen       total 130048K, used 50961K [0x00000000a0000000, 0x00000000a7f00000, 0x00000000e0000000)
  object space 130048K, 39% used [0x00000000a0000000,0x00000000a31c4438,0x00000000a7f00000)
 Metaspace       used 76926K, capacity 79500K, committed 79616K, reserved 1118208K
  class space    used 9883K, capacity 10446K, committed 10496K, reserved 1048576K
Event: 114.499 GC heap after
Heap after GC invocations=18 (full 3):
 PSYoungGen      total 247296K, used 25085K [0x00000000e0000000, 0x00000000f3200000, 0x0000000100000000)
  eden space 222208K, 0% used [0x00000000e0000000,0x00000000e0000000,0x00000000ed900000)
  from space 25088K, 99% used [0x00000000ed900000,0x00000000ef17f4b0,0x00000000ef180000)
  to   space 28672K, 0% used [0x00000000f1600000,0x00000000f1600000,0x00000000f3200000)
 ParOldGen       total 130048K, used 51576K [0x00000000a0000000, 0x00000000a7f00000, 0x00000000e0000000)
  object space 130048K, 39% used [0x00000000a0000000,0x00000000a325e0b8,0x00000000a7f00000)
 Metaspace       used 76926K, capacity 79500K, committed 79616K, reserved 1118208K
  class space    used 9883K, capacity 10446K, committed 10496K, reserved 1048576K
}
Event: 119.265 GC heap before
{Heap before GC invocations=19 (full 3):
 PSYoungGen      total 247296K, used 247293K [0x00000000e0000000, 0x00000000f3200000, 0x0000000100000000)
  eden space 222208K, 100% used [0x00000000e0000000,0x00000000ed900000,0x00000000ed900000)
  from space 25088K, 99% used [0x00000000ed900000,0x00000000ef17f4b0,0x00000000ef180000)
  to   space 28672K, 0% used [0x00000000f1600000,0x00000000f1600000,0x00000000f3200000)
 ParOldGen       total 130048K, used 51576K [0x00000000a0000000, 0x00000000a7f00000, 0x00000000e0000000)
  object space 130048K, 39% used [0x00000000a0000000,0x00000000a325e0b8,0x00000000a7f00000)
 Metaspace       used 83324K, capacity 87146K, committed 87296K, reserved 1124352K
  class space    used 10925K, capacity 11673K, committed 11776K, reserved 1048576K
Event: 119.413 GC heap after
Heap after GC invocations=19 (full 3):
 PSYoungGen      total 257024K, used 28660K [0x00000000e0000000, 0x00000000f7580000, 0x0000000100000000)
  eden space 228352K, 0% used [0x00000000e0000000,0x00000000e0000000,0x00000000edf00000)
  from space 28672K, 99% used [0x00000000f1600000,0x00000000f31fd008,0x00000000f3200000)
  to   space 56320K, 0% used [0x00000000edf00000,0x00000000edf00000,0x00000000f1600000)
 ParOldGen       total 130048K, used 114922K [0x00000000a0000000, 0x00000000a7f00000, 0x00000000e0000000)
  object space 130048K, 88% used [0x00000000a0000000,0x00000000a703a860,0x00000000a7f00000)
 Metaspace       used 83324K, capacity 87146K, committed 87296K, reserved 1124352K
  class space    used 10925K, capacity 11673K, committed 11776K, reserved 1048576K
}
Event: 119.413 GC heap before
{Heap before GC invocations=20 (full 4):
 PSYoungGen      total 257024K, used 28660K [0x00000000e0000000, 0x00000000f7580000, 0x0000000100000000)
  eden space 228352K, 0% used [0x00000000e0000000,0x00000000e0000000,0x00000000edf00000)
  from space 28672K, 99% used [0x00000000f1600000,0x00000000f31fd008,0x00000000f3200000)
  to   space 56320K, 0% used [0x00000000edf00000,0x00000000edf00000,0x00000000f1600000)
 ParOldGen       total 130048K, used 114922K [0x00000000a0000000, 0x00000000a7f00000, 0x00000000e0000000)
  object space 130048K, 88% used [0x00000000a0000000,0x00000000a703a860,0x00000000a7f00000)
 Metaspace       used 83324K, capacity 87146K, committed 87296K, reserved 1124352K
  class space    used 10925K, capacity 11673K, committed 11776K, reserved 1048576K
Event: 120.298 GC heap after
Heap after GC invocations=20 (full 4):
 PSYoungGen      total 257024K, used 0K [0x00000000e0000000, 0x00000000f7580000, 0x0000000100000000)
  eden space 228352K, 0% used [0x00000000e0000000,0x00000000e0000000,0x00000000edf00000)
  from space 28672K, 0% used [0x00000000f1600000,0x00000000f1600000,0x00000000f3200000)
  to   space 56320K, 0% used [0x00000000edf00000,0x00000000edf00000,0x00000000f1600000)
 ParOldGen       total 268800K, used 123649K [0x00000000a0000000, 0x00000000b0680000, 0x00000000e0000000)
  object space 268800K, 46% used [0x00000000a0000000,0x00000000a78c0690,0x00000000b0680000)
 Metaspace       used 82732K, capacity 85518K, committed 87296K, reserved 1124352K
  class space    used 10724K, capacity 11319K, committed 11776K, reserved 1048576K
}

